INFO - Imported existing <module 'comtypes.gen' from 'C:\\Users\\91858\\AppData\\Local\\Packages\\PythonSoftwareFoundation.Python.3.7_qbz5n2kfra8p0\\LocalCache\\local-packages\\Python37\\site-packages\\comtypes\\gen\\__init__.py'>
INFO - Using writeable comtypes cache directory: 'C:\Users\91858\AppData\Local\Packages\PythonSoftwareFoundation.Python.3.7_qbz5n2kfra8p0\LocalCache\local-packages\Python37\site-packages\comtypes\gen'
INFO - Imported existing <module 'comtypes.gen' from 'C:\\Users\\91858\\AppData\\Local\\Packages\\PythonSoftwareFoundation.Python.3.7_qbz5n2kfra8p0\\LocalCache\\local-packages\\Python37\\site-packages\\comtypes\\gen\\__init__.py'>
INFO - Using writeable comtypes cache directory: 'C:\Users\91858\AppData\Local\Packages\PythonSoftwareFoundation.Python.3.7_qbz5n2kfra8p0\LocalCache\local-packages\Python37\site-packages\comtypes\gen'
INFO - initializing identifier
Imported existing <module 'comtypes.gen' from 'C:\\Users\\91858\\AppData\\Local\\Packages\\PythonSoftwareFoundation.Python.3.7_qbz5n2kfra8p0\\LocalCache\\local-packages\\Python37\\site-packages\\comtypes\\gen\\__init__.py'>
Using writeable comtypes cache directory: 'C:\Users\91858\AppData\Local\Packages\PythonSoftwareFoundation.Python.3.7_qbz5n2kfra8p0\LocalCache\local-packages\Python37\site-packages\comtypes\gen'
initializing identifier
Imported existing <module 'comtypes.gen' from 'C:\\Users\\91858\\AppData\\Local\\Packages\\PythonSoftwareFoundation.Python.3.7_qbz5n2kfra8p0\\LocalCache\\local-packages\\Python37\\site-packages\\comtypes\\gen\\__init__.py'>
Using writeable comtypes cache directory: 'C:\Users\91858\AppData\Local\Packages\PythonSoftwareFoundation.Python.3.7_qbz5n2kfra8p0\LocalCache\local-packages\Python37\site-packages\comtypes\gen'
initializing identifier
Imported existing <module 'comtypes.gen' from 'C:\\Users\\91858\\AppData\\Local\\Packages\\PythonSoftwareFoundation.Python.3.7_qbz5n2kfra8p0\\LocalCache\\local-packages\\Python37\\site-packages\\comtypes\\gen\\__init__.py'>
Using writeable comtypes cache directory: 'C:\Users\91858\AppData\Local\Packages\PythonSoftwareFoundation.Python.3.7_qbz5n2kfra8p0\LocalCache\local-packages\Python37\site-packages\comtypes\gen'
initializing identifier
Imported existing <module 'comtypes.gen' from 'C:\\Users\\91858\\AppData\\Local\\Packages\\PythonSoftwareFoundation.Python.3.7_qbz5n2kfra8p0\\LocalCache\\local-packages\\Python37\\site-packages\\comtypes\\gen\\__init__.py'>
Using writeable comtypes cache directory: 'C:\Users\91858\AppData\Local\Packages\PythonSoftwareFoundation.Python.3.7_qbz5n2kfra8p0\LocalCache\local-packages\Python37\site-packages\comtypes\gen'
initializing identifier
Imported existing <module 'comtypes.gen' from 'C:\\Users\\91858\\AppData\\Local\\Packages\\PythonSoftwareFoundation.Python.3.7_qbz5n2kfra8p0\\LocalCache\\local-packages\\Python37\\site-packages\\comtypes\\gen\\__init__.py'>
Using writeable comtypes cache directory: 'C:\Users\91858\AppData\Local\Packages\PythonSoftwareFoundation.Python.3.7_qbz5n2kfra8p0\LocalCache\local-packages\Python37\site-packages\comtypes\gen'
initializing identifier
Imported existing <module 'comtypes.gen' from 'C:\\Users\\91858\\AppData\\Local\\Packages\\PythonSoftwareFoundation.Python.3.7_qbz5n2kfra8p0\\LocalCache\\local-packages\\Python37\\site-packages\\comtypes\\gen\\__init__.py'>
Using writeable comtypes cache directory: 'C:\Users\91858\AppData\Local\Packages\PythonSoftwareFoundation.Python.3.7_qbz5n2kfra8p0\LocalCache\local-packages\Python37\site-packages\comtypes\gen'
initializing identifier
Imported existing <module 'comtypes.gen' from 'C:\\Users\\91858\\AppData\\Local\\Packages\\PythonSoftwareFoundation.Python.3.7_qbz5n2kfra8p0\\LocalCache\\local-packages\\Python37\\site-packages\\comtypes\\gen\\__init__.py'>
Using writeable comtypes cache directory: 'C:\Users\91858\AppData\Local\Packages\PythonSoftwareFoundation.Python.3.7_qbz5n2kfra8p0\LocalCache\local-packages\Python37\site-packages\comtypes\gen'
initializing identifier
Imported existing <module 'comtypes.gen' from 'C:\\Users\\91858\\AppData\\Local\\Packages\\PythonSoftwareFoundation.Python.3.7_qbz5n2kfra8p0\\LocalCache\\local-packages\\Python37\\site-packages\\comtypes\\gen\\__init__.py'>
Using writeable comtypes cache directory: 'C:\Users\91858\AppData\Local\Packages\PythonSoftwareFoundation.Python.3.7_qbz5n2kfra8p0\LocalCache\local-packages\Python37\site-packages\comtypes\gen'
initializing identifier
Imported existing <module 'comtypes.gen' from 'C:\\Users\\91858\\AppData\\Local\\Packages\\PythonSoftwareFoundation.Python.3.7_qbz5n2kfra8p0\\LocalCache\\local-packages\\Python37\\site-packages\\comtypes\\gen\\__init__.py'>
Using writeable comtypes cache directory: 'C:\Users\91858\AppData\Local\Packages\PythonSoftwareFoundation.Python.3.7_qbz5n2kfra8p0\LocalCache\local-packages\Python37\site-packages\comtypes\gen'
initializing identifier
Imported existing <module 'comtypes.gen' from 'C:\\Users\\91858\\AppData\\Local\\Packages\\PythonSoftwareFoundation.Python.3.7_qbz5n2kfra8p0\\LocalCache\\local-packages\\Python37\\site-packages\\comtypes\\gen\\__init__.py'>
Using writeable comtypes cache directory: 'C:\Users\91858\AppData\Local\Packages\PythonSoftwareFoundation.Python.3.7_qbz5n2kfra8p0\LocalCache\local-packages\Python37\site-packages\comtypes\gen'
initializing identifier
Imported existing <module 'comtypes.gen' from 'C:\\Users\\91858\\AppData\\Local\\Packages\\PythonSoftwareFoundation.Python.3.7_qbz5n2kfra8p0\\LocalCache\\local-packages\\Python37\\site-packages\\comtypes\\gen\\__init__.py'>
Using writeable comtypes cache directory: 'C:\Users\91858\AppData\Local\Packages\PythonSoftwareFoundation.Python.3.7_qbz5n2kfra8p0\LocalCache\local-packages\Python37\site-packages\comtypes\gen'
initializing identifier
Imported existing <module 'comtypes.gen' from 'C:\\Users\\91858\\AppData\\Local\\Packages\\PythonSoftwareFoundation.Python.3.7_qbz5n2kfra8p0\\LocalCache\\local-packages\\Python37\\site-packages\\comtypes\\gen\\__init__.py'>
Using writeable comtypes cache directory: 'C:\Users\91858\AppData\Local\Packages\PythonSoftwareFoundation.Python.3.7_qbz5n2kfra8p0\LocalCache\local-packages\Python37\site-packages\comtypes\gen'
initializing identifier
